09:44:15 **** Incremental Build of configuration Default for project vezba ****
make -f Makefile all 
MAKE Version 3.6  Copyright (c) 1992 Borland International

Available memory 33385584 bytes

        configuration.xmi

        bcc.exe -mh -v -evezba.exe -IC:\bc31\include;..\; -LC:\bc31\lib;..\; ..\*.cpp  ..\*.lib 

Borland C++  Version 3.1 Copyright (c) 1992 Borland International
..\bounded.cpp:
..\dsptch.cpp:
Warning ..\dsptch.cpp 91: Non-volatile function Thread::processAllSignals() called for volatile object in function interrupt timer_interrupt(...)
..\idle.cpp:
Warning ..\idle.cpp 20: Functions containing for are not expanded inline
..\intlock.cpp:
..\ivtent.cpp:
..\ivtset.cpp:
..\kernels.cpp:
..\kernev.cpp:
..\keyevent.cpp:
Warning ..\keyevent.cpp 16: Condition is always false in function interrupt inter9(...)
Warning ..\keyevent.cpp 16: Unreachable code in function interrupt inter9(...)
..\main.cpp:
..\pcb.cpp:
..\queue.cpp:
..\signal0.cpp:
..\testovi.cpp:
..\thread.cpp:
Warning ..\thread.cpp 179: Condition is always false in function Thread::signal(unsigned int)
Warning ..\thread.cpp 199: Condition is always false in function Thread::blockSignal(unsigned int)
Warning ..\thread.cpp 203: Condition is always false in function Thread::unblockSignal(unsigned int)
Warning ..\thread.cpp 208: Condition is always false in function Thread::blockSignalGlobally(unsigned int)
Warning ..\thread.cpp 213: Condition is always false in function Thread::unblockSignalGlobally(unsigned int)
..\user.cpp:
Turbo Link  Version 5.1 Copyright (c) 1992 Borland International


        Available memory 4049040


09:44:18 Build Finished (took 2s.371ms)

